<?xml version="1.0" encoding="UTF-8"?>
<testng-results skipped="0" failed="0" ignored="0" total="1" passed="1">
  <reporter-output>
  </reporter-output>
  <suite name="Default suite" duration-ms="52" started-at="2020-07-30T08:28:26 CDT" finished-at="2020-07-30T08:28:26 CDT">
    <groups>
    </groups>
    <test name="Default test" duration-ms="52" started-at="2020-07-30T08:28:26 CDT" finished-at="2020-07-30T08:28:26 CDT">
      <class name="qaclickacademy.Branch">
        <test-method status="PASS" signature="develop()[pri:0, instance:qaclickacademy.Branch@59e5ddf]" name="develop" duration-ms="9" started-at="2020-07-30T08:28:26 CDT" finished-at="2020-07-30T08:28:26 CDT">
          <reporter-output>
          </reporter-output>
        </test-method> <!-- develop -->
      </class> <!-- qaclickacademy.Branch -->
    </test> <!-- Default test -->
  </suite> <!-- Default suite -->
</testng-results>
