<?xml version="1.0" encoding="UTF-8"?>
<testng-results skipped="0" failed="0" ignored="0" total="3" passed="3">
  <reporter-output>
  </reporter-output>
  <suite name="Suite" duration-ms="48" started-at="2020-07-30T06:51:36 CDT" finished-at="2020-07-30T06:51:36 CDT">
    <groups>
    </groups>
    <test name="Test" duration-ms="48" started-at="2020-07-30T06:51:36 CDT" finished-at="2020-07-30T06:51:36 CDT">
      <class name="qaclickacademy.New">
        <test-method status="PASS" signature="Esma()[pri:0, instance:qaclickacademy.New@1877ab81]" name="Esma" duration-ms="5" started-at="2020-07-30T06:51:36 CDT" finished-at="2020-07-30T06:51:36 CDT">
          <reporter-output>
          </reporter-output>
        </test-method> <!-- Esma -->
        <test-method status="PASS" signature="TeamMember()[pri:0, instance:qaclickacademy.New@1877ab81]" name="TeamMember" duration-ms="0" started-at="2020-07-30T06:51:36 CDT" finished-at="2020-07-30T06:51:36 CDT">
          <reporter-output>
          </reporter-output>
        </test-method> <!-- TeamMember -->
      </class> <!-- qaclickacademy.New -->
      <class name="qaclickacademy.Old">
        <test-method status="PASS" signature="Project()[pri:0, instance:qaclickacademy.Old@4232c52b]" name="Project" is-config="true" duration-ms="8" started-at="2020-07-30T06:51:36 CDT" finished-at="2020-07-30T06:51:36 CDT">
          <reporter-output>
          </reporter-output>
        </test-method> <!-- Project -->
        <test-method status="PASS" signature="Lead()[pri:0, instance:qaclickacademy.Old@4232c52b]" name="Lead" duration-ms="0" started-at="2020-07-30T06:51:36 CDT" finished-at="2020-07-30T06:51:36 CDT">
          <reporter-output>
          </reporter-output>
        </test-method> <!-- Lead -->
      </class> <!-- qaclickacademy.Old -->
    </test> <!-- Test -->
  </suite> <!-- Suite -->
</testng-results>
